<?xml version="1.0" encoding="UTF-8"?>
<testng-results ignored="0" total="1" passed="1" failed="0" skipped="0">
  <reporter-output>
  </reporter-output>
  <suite started-at="2024-09-15T18:27:40 NPT" name="Default suite" finished-at="2024-09-15T18:28:41 NPT" duration-ms="61118">
    <groups>
    </groups>
    <test started-at="2024-09-15T18:27:40 NPT" name="Default test" finished-at="2024-09-15T18:28:41 NPT" duration-ms="61118">
      <class name="customer.log">
        <test-method is-config="true" signature="browser()[pri:0, instance:customer.log@5c33f1a9]" started-at="2024-09-15T18:27:35 NPT" name="browser" finished-at="2024-09-15T18:27:40 NPT" duration-ms="5248" status="PASS">
          <reporter-output>
          </reporter-output>
        </test-method> <!-- browser -->
        <test-method is-config="true" signature="Login()[pri:0, instance:customer.log@5c33f1a9]" started-at="2024-09-15T18:27:40 NPT" name="Login" finished-at="2024-09-15T18:27:43 NPT" duration-ms="3140" status="PASS">
          <reporter-output>
          </reporter-output>
        </test-method> <!-- Login -->
        <test-method signature="Flight()[pri:0, instance:customer.log@5c33f1a9]" started-at="2024-09-15T18:27:43 NPT" name="Flight" finished-at="2024-09-15T18:28:05 NPT" duration-ms="22321" status="PASS">
          <reporter-output>
          </reporter-output>
        </test-method> <!-- Flight -->
        <test-method is-config="true" signature="book()[pri:0, instance:customer.log@5c33f1a9]" started-at="2024-09-15T18:28:05 NPT" name="book" finished-at="2024-09-15T18:28:14 NPT" duration-ms="8567" status="PASS">
          <reporter-output>
          </reporter-output>
        </test-method> <!-- book -->
        <test-method is-config="true" signature="info()[pri:0, instance:customer.log@5c33f1a9]" started-at="2024-09-15T18:28:14 NPT" name="info" finished-at="2024-09-15T18:28:41 NPT" duration-ms="26972" status="PASS">
          <reporter-output>
          </reporter-output>
        </test-method> <!-- info -->
        <test-method is-config="true" signature="close()[pri:0, instance:customer.log@5c33f1a9]" started-at="2024-09-15T18:28:41 NPT" name="close" finished-at="2024-09-15T18:28:46 NPT" duration-ms="5272" status="PASS">
          <reporter-output>
          </reporter-output>
        </test-method> <!-- close -->
      </class> <!-- customer.log -->
    </test> <!-- Default test -->
  </suite> <!-- Default suite -->
</testng-results>
